diff --git a/Assign1/README.md b/Assign1/README.md
index d5b9bf1..5ceeae3 100644
--- a/Assign1/README.md
+++ b/Assign1/README.md
@@ -1,7 +1,23 @@
 This readme details the functions of ProjectAnalyze.sh
+
+REQUIRED functions
 1. checks to see if the local repository(on machine) and the remote repository (on GitHub) are in sync
    if not it tells you how many commits behind you are.
 2. puts all uncommitted changes into a file called changes.log by redirecting output of git diff to that file
-3. Checks every file in the repository excluding todo.log, ProjectAnalyze.sh and changes.log for #TODO and
+3. Checks every file in the repository excluding log files and ProjectAnalyze.sh for #TODO and
    adds all lines with that tag into todo.log
-4. checks every haskell file for errors and puts all errors into a file called error.log
+4. First goes through every haskell file and adds a main = undefined line to it if it does not already have a
+   main specified. Then checks every haskell file for errors and puts all errors into a file called error.log
+
+CUSTOM functions
+1. Shows the human readable file size of every subdirectory in the repository
+2. by using the optional -se can search for a specific line of code
+3. checks all python files for syntax errors and puts those errors into a file called PythonErrors.log
+
+CREDITS:
+Required functions
+4. I modified code from https://github.com/Rubinstd specifically to add the main = undefined to haskell files and to
+   clean up the output of the command (moving standard output to null)
+
+Custom functions
+
diff --git a/ProjectAnalyze.sh b/ProjectAnalyze.sh
index a0a9929..9faa876 100755
--- a/ProjectAnalyze.sh
+++ b/ProjectAnalyze.sh
@@ -4,7 +4,7 @@ git status
 
 git diff --minimal  HEAD -- . ':(exclude)changes.log' > "changes.log"
 
-grep -r --exclude={todo.log,changes.log,ProjectAnalyze.sh} "#TODO" > "todo.log"
+grep -r --exclude={*.log,ProjectAnalyze.sh} "#TODO" > "todo.log"
 
 find . -name '*.hs' -print0 | 
 	while IFS= read -r -d $'\0' file 
@@ -15,4 +15,7 @@ find . -name '*.hs' -print0 |
 			echo "main = undefined" >> $file
 		fi
 	done
-find . -name "*.hs" -print0 -exec ghc -fno-code 2> error.log {} \;
+find . -name "*.hs" -print0 -exec ghc -fno-code 1>/dev/null 2> error.log {} \;
+
+du -csh */
+find . -name "*.py" -print0 -exec python -m py_compile script.py 1>/dev/null 2> PythonError.log {} \;
diff --git a/todo.log b/todo.log
index 06c5ae4..e5fcc48 100644
--- a/todo.log
+++ b/todo.log
@@ -1,4 +1,4 @@
-Assign1/README.md:3. Checks every file in the repository excluding todo.log, ProjectAnalyze.sh and changes.log for #TODO and
+Assign1/README.md:3. Checks every file in the repository excluding log files and ProjectAnalyze.sh for #TODO and
 Assign1/Assign1.md:#TODO - need to finish functions 3 and 4
 Assign1/Assign1.md:#TODO - function 3 is the TODO.log
 Assign1/Assign1.md:#TODO - function 4 checks all haskell files for errors
